# JRE version: Java(TM) SE Runtime Environment (8.0_161-b12) (build 1.8.0_161-b12)
# Java VM: Java HotSpot(TM) Client VM (25.161-b12 mixed mode, sharing windows-x86 )
Heap:
 def new generation   total 8256K, used 5098K [0x04400000, 0x04cf0000, 0x09950000)
  eden space 7360K,  57% used [0x04400000, 0x0481aae8, 0x04b30000)
  from space 896K,  99% used [0x04b30000, 0x04c0fff8, 0x04c10000)
  to   space 896K,   0% used [0x04c10000, 0x04c10000, 0x04cf0000)
 tenured generation   total 18184K, used 12939K [0x09950000, 0x0ab12000, 0x14400000)
   the space 18184K,  71% used [0x09950000, 0x0a5f2d78, 0x0a5f2e00, 0x0ab12000)
 Metaspace       used 10054K, capacity 10687K, committed 10752K, reserved 11648K
GC Heap History (10 events):
Event: 5.101 GC heap before
{Heap before GC invocations=48 (full 1):
 def new generation   total 8256K, used 7538K [0x04400000, 0x04cf0000, 0x09950000)
  eden space 7360K,  99% used [0x04400000, 0x04b2ec98, 0x04b30000)
  from space 896K,  20% used [0x04c10000, 0x04c3de10, 0x04cf0000)
  to   space 896K,   0% used [0x04b30000, 0x04b30000, 0x04c10000)
 tenured generation   total 18184K, used 10910K [0x09950000, 0x0ab12000, 0x14400000)
   the space 18184K,  59% used [0x09950000, 0x0a3f7898, 0x0a3f7a00, 0x0ab12000)
 Metaspace       used 9766K, capacity 10386K, committed 10496K, reserved 10624K
Event: 5.101 GC heap after
Heap after GC invocations=49 (full 1):
 def new generation   total 8256K, used 186K [0x04400000, 0x04cf0000, 0x09950000)
  eden space 7360K,   0% used [0x04400000, 0x04400000, 0x04b30000)
  from space 896K,  20% used [0x04b30000, 0x04b5e908, 0x04c10000)
  to   space 896K,   0% used [0x04c10000, 0x04c10000, 0x04cf0000)
 tenured generation   total 18184K, used 10910K [0x09950000, 0x0ab12000, 0x14400000)
   the space 18184K,  59% used [0x09950000, 0x0a3f7898, 0x0a3f7a00, 0x0ab12000)
 Metaspace       used 9766K, capacity 10386K, committed 10496K, reserved 10624K
}
Event: 5.104 GC heap before
{Heap before GC invocations=49 (full 1):
 def new generation   total 8256K, used 7459K [0x04400000, 0x04cf0000, 0x09950000)
  eden space 7360K,  98% used [0x04400000, 0x04b1a4e8, 0x04b30000)
  from space 896K,  20% used [0x04b30000, 0x04b5e908, 0x04c10000)
  to   space 896K,   0% used [0x04c10000, 0x04c10000, 0x04cf0000)
 tenured generation   total 18184K, used 10910K [0x09950000, 0x0ab12000, 0x14400000)
   the space 18184K,  59% used [0x09950000, 0x0a3f7898, 0x0a3f7a00, 0x0ab12000)
 Metaspace       used 9766K, capacity 10386K, committed 10496K, reserved 10624K
Event: 5.104 GC heap after
Heap after GC invocations=50 (full 1):
 def new generation   total 8256K, used 188K [0x04400000, 0x04cf0000, 0x09950000)
  eden space 7360K,   0% used [0x04400000, 0x04400000, 0x04b30000)
  from space 896K,  21% used [0x04c10000, 0x04c3f3b8, 0x04cf0000)
  to   space 896K,   0% used [0x04b30000, 0x04b30000, 0x04c10000)
 tenured generation   total 18184K, used 10910K [0x09950000, 0x0ab12000, 0x14400000)
   the space 18184K,  59% used [0x09950000, 0x0a3f7898, 0x0a3f7a00, 0x0ab12000)
 Metaspace       used 9766K, capacity 10386K, committed 10496K, reserved 10624K
}
Event: 5.130 GC heap before
{Heap before GC invocations=50 (full 1):
 def new generation   total 8256K, used 7548K [0x04400000, 0x04cf0000, 0x09950000)
  eden space 7360K, 100% used [0x04400000, 0x04b30000, 0x04b30000)
  from space 896K,  21% used [0x04c10000, 0x04c3f3b8, 0x04cf0000)
  to   space 896K,   0% used [0x04b30000, 0x04b30000, 0x04c10000)
 tenured generation   total 18184K, used 10910K [0x09950000, 0x0ab12000, 0x14400000)
   the space 18184K,  59% used [0x09950000, 0x0a3f7898, 0x0a3f7a00, 0x0ab12000)
 Metaspace       used 9779K, capacity 10386K, committed 10496K, reserved 10624K
Event: 5.131 GC heap after
Heap after GC invocations=51 (full 1):
 def new generation   total 8256K, used 394K [0x04400000, 0x04cf0000, 0x09950000)
  eden space 7360K,   0% used [0x04400000, 0x04400000, 0x04b30000)
  from space 896K,  44% used [0x04b30000, 0x04b92ad0, 0x04c10000)
  to   space 896K,   0% used [0x04c10000, 0x04c10000, 0x04cf0000)
 tenured generation   total 18184K, used 10910K [0x09950000, 0x0ab12000, 0x14400000)
   the space 18184K,  59% used [0x09950000, 0x0a3f7898, 0x0a3f7a00, 0x0ab12000)
 Metaspace       used 9779K, capacity 10386K, committed 10496K, reserved 10624K
}
Event: 5.210 GC heap before
{Heap before GC invocations=51 (full 1):
 def new generation   total 8256K, used 7754K [0x04400000, 0x04cf0000, 0x09950000)
  eden space 7360K, 100% used [0x04400000, 0x04b30000, 0x04b30000)
  from space 896K,  44% used [0x04b30000, 0x04b92ad0, 0x04c10000)
  to   space 896K,   0% used [0x04c10000, 0x04c10000, 0x04cf0000)
 tenured generation   total 18184K, used 10910K [0x09950000, 0x0ab12000, 0x14400000)
   the space 18184K,  59% used [0x09950000, 0x0a3f7898, 0x0a3f7a00, 0x0ab12000)
 Metaspace       used 9877K, capacity 10502K, committed 10624K, reserved 10624K
Event: 5.214 GC heap after
Heap after GC invocations=52 (full 1):
 def new generation   total 8256K, used 896K [0x04400000, 0x04cf0000, 0x09950000)
  eden space 7360K,   0% used [0x04400000, 0x04400000, 0x04b30000)
  from space 896K, 100% used [0x04c10000, 0x04cf0000, 0x04cf0000)
  to   space 896K,   0% used [0x04b30000, 0x04b30000, 0x04c10000)
 tenured generation   total 18184K, used 11797K [0x09950000, 0x0ab12000, 0x14400000)
   the space 18184K,  64% used [0x09950000, 0x0a4d56b8, 0x0a4d5800, 0x0ab12000)
 Metaspace       used 9877K, capacity 10502K, committed 10624K, reserved 10624K
}
Event: 5.423 GC heap before
{Heap before GC invocations=52 (full 1):
 def new generation   total 8256K, used 8178K [0x04400000, 0x04cf0000, 0x09950000)
  eden space 7360K,  98% used [0x04400000, 0x04b1cac0, 0x04b30000)
  from space 896K, 100% used [0x04c10000, 0x04cf0000, 0x04cf0000)
  to   space 896K,   0% used [0x04b30000, 0x04b30000, 0x04c10000)
 tenured generation   total 18184K, used 11797K [0x09950000, 0x0ab12000, 0x14400000)
   the space 18184K,  64% used [0x09950000, 0x0a4d56b8, 0x0a4d5800, 0x0ab12000)
 Metaspace       used 10040K, capacity 10655K, committed 10752K, reserved 11648K
Event: 5.427 GC heap after
Heap after GC invocations=53 (full 1):
 def new generation   total 8256K, used 895K [0x04400000, 0x04cf0000, 0x09950000)
  eden space 7360K,   0% used [0x04400000, 0x04400000, 0x04b30000)
  from space 896K,  99% used [0x04b30000, 0x04c0fff8, 0x04c10000)
  to   space 896K,   0% used [0x04c10000, 0x04c10000, 0x04cf0000)
 tenured generation   total 18184K, used 12939K [0x09950000, 0x0ab12000, 0x14400000)
   the space 18184K,  71% used [0x09950000, 0x0a5f2d78, 0x0a5f2e00, 0x0ab12000)
 Metaspace       used 10040K, capacity 10655K, committed 10752K, reserved 11648K
}

