# JRE version: Java(TM) SE Runtime Environment (8.0_161-b12) (build 1.8.0_161-b12)
# Java VM: Java HotSpot(TM) Client VM (25.161-b12 mixed mode, sharing windows-x86 )
Heap:
 def new generation   total 8256K, used 4169K [0x04800000, 0x050f0000, 0x09d50000)
  eden space 7360K,  44% used [0x04800000, 0x04b327b8, 0x04f30000)
  from space 896K, 100% used [0x04f30000, 0x05010000, 0x05010000)
  to   space 896K,   0% used [0x05010000, 0x05010000, 0x050f0000)
 tenured generation   total 18180K, used 12751K [0x09d50000, 0x0af11000, 0x14800000)
   the space 18180K,  70% used [0x09d50000, 0x0a9c3c50, 0x0a9c3e00, 0x0af11000)
 Metaspace       used 10058K, capacity 10692K, committed 10752K, reserved 11648K
GC Heap History (10 events):
Event: 4.412 GC heap before
{Heap before GC invocations=48 (full 1):
 def new generation   total 8256K, used 7538K [0x04800000, 0x050f0000, 0x09d50000)
  eden space 7360K,  99% used [0x04800000, 0x04f2ec98, 0x04f30000)
  from space 896K,  20% used [0x05010000, 0x0503de10, 0x050f0000)
  to   space 896K,   0% used [0x04f30000, 0x04f30000, 0x05010000)
 tenured generation   total 18180K, used 10908K [0x09d50000, 0x0af11000, 0x14800000)
   the space 18180K,  60% used [0x09d50000, 0x0a7f7040, 0x0a7f7200, 0x0af11000)
 Metaspace       used 9766K, capacity 10386K, committed 10496K, reserved 10624K
Event: 4.412 GC heap after
Heap after GC invocations=49 (full 1):
 def new generation   total 8256K, used 186K [0x04800000, 0x050f0000, 0x09d50000)
  eden space 7360K,   0% used [0x04800000, 0x04800000, 0x04f30000)
  from space 896K,  20% used [0x04f30000, 0x04f5e908, 0x05010000)
  to   space 896K,   0% used [0x05010000, 0x05010000, 0x050f0000)
 tenured generation   total 18180K, used 10908K [0x09d50000, 0x0af11000, 0x14800000)
   the space 18180K,  60% used [0x09d50000, 0x0a7f7040, 0x0a7f7200, 0x0af11000)
 Metaspace       used 9766K, capacity 10386K, committed 10496K, reserved 10624K
}
Event: 4.414 GC heap before
{Heap before GC invocations=49 (full 1):
 def new generation   total 8256K, used 7459K [0x04800000, 0x050f0000, 0x09d50000)
  eden space 7360K,  98% used [0x04800000, 0x04f1a4e8, 0x04f30000)
  from space 896K,  20% used [0x04f30000, 0x04f5e908, 0x05010000)
  to   space 896K,   0% used [0x05010000, 0x05010000, 0x050f0000)
 tenured generation   total 18180K, used 10908K [0x09d50000, 0x0af11000, 0x14800000)
   the space 18180K,  60% used [0x09d50000, 0x0a7f7040, 0x0a7f7200, 0x0af11000)
 Metaspace       used 9766K, capacity 10386K, committed 10496K, reserved 10624K
Event: 4.415 GC heap after
Heap after GC invocations=50 (full 1):
 def new generation   total 8256K, used 188K [0x04800000, 0x050f0000, 0x09d50000)
  eden space 7360K,   0% used [0x04800000, 0x04800000, 0x04f30000)
  from space 896K,  21% used [0x05010000, 0x0503f3b8, 0x050f0000)
  to   space 896K,   0% used [0x04f30000, 0x04f30000, 0x05010000)
 tenured generation   total 18180K, used 10908K [0x09d50000, 0x0af11000, 0x14800000)
   the space 18180K,  60% used [0x09d50000, 0x0a7f7040, 0x0a7f7200, 0x0af11000)
 Metaspace       used 9766K, capacity 10386K, committed 10496K, reserved 10624K
}
Event: 4.446 GC heap before
{Heap before GC invocations=50 (full 1):
 def new generation   total 8256K, used 7548K [0x04800000, 0x050f0000, 0x09d50000)
  eden space 7360K, 100% used [0x04800000, 0x04f30000, 0x04f30000)
  from space 896K,  21% used [0x05010000, 0x0503f3b8, 0x050f0000)
  to   space 896K,   0% used [0x04f30000, 0x04f30000, 0x05010000)
 tenured generation   total 18180K, used 10908K [0x09d50000, 0x0af11000, 0x14800000)
   the space 18180K,  60% used [0x09d50000, 0x0a7f7040, 0x0a7f7200, 0x0af11000)
 Metaspace       used 9779K, capacity 10386K, committed 10496K, reserved 10624K
Event: 4.447 GC heap after
Heap after GC invocations=51 (full 1):
 def new generation   total 8256K, used 394K [0x04800000, 0x050f0000, 0x09d50000)
  eden space 7360K,   0% used [0x04800000, 0x04800000, 0x04f30000)
  from space 896K,  44% used [0x04f30000, 0x04f929d8, 0x05010000)
  to   space 896K,   0% used [0x05010000, 0x05010000, 0x050f0000)
 tenured generation   total 18180K, used 10908K [0x09d50000, 0x0af11000, 0x14800000)
   the space 18180K,  60% used [0x09d50000, 0x0a7f7040, 0x0a7f7200, 0x0af11000)
 Metaspace       used 9779K, capacity 10386K, committed 10496K, reserved 10624K
}
Event: 4.562 GC heap before
{Heap before GC invocations=51 (full 1):
 def new generation   total 8256K, used 7754K [0x04800000, 0x050f0000, 0x09d50000)
  eden space 7360K, 100% used [0x04800000, 0x04f30000, 0x04f30000)
  from space 896K,  44% used [0x04f30000, 0x04f929d8, 0x05010000)
  to   space 896K,   0% used [0x05010000, 0x05010000, 0x050f0000)
 tenured generation   total 18180K, used 10908K [0x09d50000, 0x0af11000, 0x14800000)
   the space 18180K,  60% used [0x09d50000, 0x0a7f7040, 0x0a7f7200, 0x0af11000)
 Metaspace       used 9877K, capacity 10502K, committed 10624K, reserved 10624K
Event: 4.566 GC heap after
Heap after GC invocations=52 (full 1):
 def new generation   total 8256K, used 896K [0x04800000, 0x050f0000, 0x09d50000)
  eden space 7360K,   0% used [0x04800000, 0x04800000, 0x04f30000)
  from space 896K, 100% used [0x05010000, 0x050f0000, 0x050f0000)
  to   space 896K,   0% used [0x04f30000, 0x04f30000, 0x05010000)
 tenured generation   total 18180K, used 11795K [0x09d50000, 0x0af11000, 0x14800000)
   the space 18180K,  64% used [0x09d50000, 0x0a8d4e60, 0x0a8d5000, 0x0af11000)
 Metaspace       used 9877K, capacity 10502K, committed 10624K, reserved 10624K
}
Event: 4.798 GC heap before
{Heap before GC invocations=52 (full 1):
 def new generation   total 8256K, used 8158K [0x04800000, 0x050f0000, 0x09d50000)
  eden space 7360K,  98% used [0x04800000, 0x04f17a30, 0x04f30000)
  from space 896K, 100% used [0x05010000, 0x050f0000, 0x050f0000)
  to   space 896K,   0% used [0x04f30000, 0x04f30000, 0x05010000)
 tenured generation   total 18180K, used 11795K [0x09d50000, 0x0af11000, 0x14800000)
   the space 18180K,  64% used [0x09d50000, 0x0a8d4e60, 0x0a8d5000, 0x0af11000)
 Metaspace       used 10040K, capacity 10660K, committed 10752K, reserved 11648K
Event: 4.801 GC heap after
Heap after GC invocations=53 (full 1):
 def new generation   total 8256K, used 896K [0x04800000, 0x050f0000, 0x09d50000)
  eden space 7360K,   0% used [0x04800000, 0x04800000, 0x04f30000)
  from space 896K, 100% used [0x04f30000, 0x05010000, 0x05010000)
  to   space 896K,   0% used [0x05010000, 0x05010000, 0x050f0000)
 tenured generation   total 18180K, used 12751K [0x09d50000, 0x0af11000, 0x14800000)
   the space 18180K,  70% used [0x09d50000, 0x0a9c3c50, 0x0a9c3e00, 0x0af11000)
 Metaspace       used 10040K, capacity 10660K, committed 10752K, reserved 11648K
}

