# JRE version: Java(TM) SE Runtime Environment (8.0_161-b12) (build 1.8.0_161-b12)
# Java VM: Java HotSpot(TM) Client VM (25.161-b12 mixed mode, sharing windows-x86 )
Heap:
 def new generation   total 8128K, used 4045K [0x04400000, 0x04cd0000, 0x09950000)
  eden space 7232K,  43% used [0x04400000, 0x04713580, 0x04b10000)
  from space 896K, 100% used [0x04bf0000, 0x04cd0000, 0x04cd0000)
  to   space 896K,   0% used [0x04b10000, 0x04b10000, 0x04bf0000)
 tenured generation   total 17988K, used 13126K [0x09950000, 0x0aae1000, 0x14400000)
   the space 17988K,  72% used [0x09950000, 0x0a621958, 0x0a621a00, 0x0aae1000)
 Metaspace       used 10053K, capacity 10687K, committed 10752K, reserved 11648K
GC Heap History (10 events):
Event: 3.734 GC heap before
{Heap before GC invocations=49 (full 1):
 def new generation   total 8128K, used 7393K [0x04400000, 0x04cd0000, 0x09950000)
  eden space 7232K,  99% used [0x04400000, 0x04b0a550, 0x04b10000)
  from space 896K,  20% used [0x04b10000, 0x04b3e290, 0x04bf0000)
  to   space 896K,   0% used [0x04bf0000, 0x04bf0000, 0x04cd0000)
 tenured generation   total 17988K, used 10791K [0x09950000, 0x0aae1000, 0x14400000)
   the space 17988K,  59% used [0x09950000, 0x0a3d9c88, 0x0a3d9e00, 0x0aae1000)
 Metaspace       used 9766K, capacity 10386K, committed 10496K, reserved 10624K
Event: 3.735 GC heap after
Heap after GC invocations=50 (full 1):
 def new generation   total 8128K, used 187K [0x04400000, 0x04cd0000, 0x09950000)
  eden space 7232K,   0% used [0x04400000, 0x04400000, 0x04b10000)
  from space 896K,  20% used [0x04bf0000, 0x04c1ed40, 0x04cd0000)
  to   space 896K,   0% used [0x04b10000, 0x04b10000, 0x04bf0000)
 tenured generation   total 17988K, used 10791K [0x09950000, 0x0aae1000, 0x14400000)
   the space 17988K,  59% used [0x09950000, 0x0a3d9c88, 0x0a3d9e00, 0x0aae1000)
 Metaspace       used 9766K, capacity 10386K, committed 10496K, reserved 10624K
}
Event: 3.736 GC heap before
{Heap before GC invocations=50 (full 1):
 def new generation   total 8128K, used 7308K [0x04400000, 0x04cd0000, 0x09950000)
  eden space 7232K,  98% used [0x04400000, 0x04af43b8, 0x04b10000)
  from space 896K,  20% used [0x04bf0000, 0x04c1ed40, 0x04cd0000)
  to   space 896K,   0% used [0x04b10000, 0x04b10000, 0x04bf0000)
 tenured generation   total 17988K, used 10791K [0x09950000, 0x0aae1000, 0x14400000)
   the space 17988K,  59% used [0x09950000, 0x0a3d9c88, 0x0a3d9e00, 0x0aae1000)
 Metaspace       used 9766K, capacity 10386K, committed 10496K, reserved 10624K
Event: 3.737 GC heap after
Heap after GC invocations=51 (full 1):
 def new generation   total 8128K, used 189K [0x04400000, 0x04cd0000, 0x09950000)
  eden space 7232K,   0% used [0x04400000, 0x04400000, 0x04b10000)
  from space 896K,  21% used [0x04b10000, 0x04b3f7a8, 0x04bf0000)
  to   space 896K,   0% used [0x04bf0000, 0x04bf0000, 0x04cd0000)
 tenured generation   total 17988K, used 10791K [0x09950000, 0x0aae1000, 0x14400000)
   the space 17988K,  59% used [0x09950000, 0x0a3d9c88, 0x0a3d9e00, 0x0aae1000)
 Metaspace       used 9766K, capacity 10386K, committed 10496K, reserved 10624K
}
Event: 3.769 GC heap before
{Heap before GC invocations=51 (full 1):
 def new generation   total 8128K, used 7421K [0x04400000, 0x04cd0000, 0x09950000)
  eden space 7232K, 100% used [0x04400000, 0x04b10000, 0x04b10000)
  from space 896K,  21% used [0x04b10000, 0x04b3f7a8, 0x04bf0000)
  to   space 896K,   0% used [0x04bf0000, 0x04bf0000, 0x04cd0000)
 tenured generation   total 17988K, used 10791K [0x09950000, 0x0aae1000, 0x14400000)
   the space 17988K,  59% used [0x09950000, 0x0a3d9c88, 0x0a3d9e00, 0x0aae1000)
 Metaspace       used 9800K, capacity 10418K, committed 10496K, reserved 10624K
Event: 3.771 GC heap after
Heap after GC invocations=52 (full 1):
 def new generation   total 8128K, used 548K [0x04400000, 0x04cd0000, 0x09950000)
  eden space 7232K,   0% used [0x04400000, 0x04400000, 0x04b10000)
  from space 896K,  61% used [0x04bf0000, 0x04c79168, 0x04cd0000)
  to   space 896K,   0% used [0x04b10000, 0x04b10000, 0x04bf0000)
 tenured generation   total 17988K, used 10791K [0x09950000, 0x0aae1000, 0x14400000)
   the space 17988K,  59% used [0x09950000, 0x0a3d9c88, 0x0a3d9e00, 0x0aae1000)
 Metaspace       used 9800K, capacity 10418K, committed 10496K, reserved 10624K
}
Event: 3.904 GC heap before
{Heap before GC invocations=52 (full 1):
 def new generation   total 8128K, used 7780K [0x04400000, 0x04cd0000, 0x09950000)
  eden space 7232K, 100% used [0x04400000, 0x04b10000, 0x04b10000)
  from space 896K,  61% used [0x04bf0000, 0x04c79168, 0x04cd0000)
  to   space 896K,   0% used [0x04b10000, 0x04b10000, 0x04bf0000)
 tenured generation   total 17988K, used 10791K [0x09950000, 0x0aae1000, 0x14400000)
   the space 17988K,  59% used [0x09950000, 0x0a3d9c88, 0x0a3d9e00, 0x0aae1000)
 Metaspace       used 9883K, capacity 10510K, committed 10624K, reserved 10624K
Event: 3.907 GC heap after
Heap after GC invocations=53 (full 1):
 def new generation   total 8128K, used 896K [0x04400000, 0x04cd0000, 0x09950000)
  eden space 7232K,   0% used [0x04400000, 0x04400000, 0x04b10000)
  from space 896K, 100% used [0x04b10000, 0x04bf0000, 0x04bf0000)
  to   space 896K,   0% used [0x04bf0000, 0x04bf0000, 0x04cd0000)
 tenured generation   total 17988K, used 11651K [0x09950000, 0x0aae1000, 0x14400000)
   the space 17988K,  64% used [0x09950000, 0x0a4b0d98, 0x0a4b0e00, 0x0aae1000)
 Metaspace       used 9883K, capacity 10510K, committed 10624K, reserved 10624K
}
Event: 4.114 GC heap before
{Heap before GC invocations=53 (full 1):
 def new generation   total 8128K, used 8116K [0x04400000, 0x04cd0000, 0x09950000)
  eden space 7232K,  99% used [0x04400000, 0x04b0d220, 0x04b10000)
  from space 896K, 100% used [0x04b10000, 0x04bf0000, 0x04bf0000)
  to   space 896K,   0% used [0x04bf0000, 0x04bf0000, 0x04cd0000)
 tenured generation   total 17988K, used 11651K [0x09950000, 0x0aae1000, 0x14400000)
   the space 17988K,  64% used [0x09950000, 0x0a4b0d98, 0x0a4b0e00, 0x0aae1000)
 Metaspace       used 10040K, capacity 10655K, committed 10752K, reserved 11648K
Event: 4.117 GC heap after
Heap after GC invocations=54 (full 1):
 def new generation   total 8128K, used 896K [0x04400000, 0x04cd0000, 0x09950000)
  eden space 7232K,   0% used [0x04400000, 0x04400000, 0x04b10000)
  from space 896K, 100% used [0x04bf0000, 0x04cd0000, 0x04cd0000)
  to   space 896K,   0% used [0x04b10000, 0x04b10000, 0x04bf0000)
 tenured generation   total 17988K, used 13126K [0x09950000, 0x0aae1000, 0x14400000)
   the space 17988K,  72% used [0x09950000, 0x0a621958, 0x0a621a00, 0x0aae1000)
 Metaspace       used 10040K, capacity 10655K, committed 10752K, reserved 11648K
}

