# JRE version: Java(TM) SE Runtime Environment (8.0_161-b12) (build 1.8.0_161-b12)
# Java VM: Java HotSpot(TM) Client VM (25.161-b12 mixed mode, sharing windows-x86 )
Heap:
 def new generation   total 8832K, used 5211K [0x04400000, 0x04d90000, 0x09950000)
  eden space 7872K,  54% used [0x04400000, 0x04826f78, 0x04bb0000)
  from space 960K,  99% used [0x04ca0000, 0x04d8fff8, 0x04d90000)
  to   space 960K,   0% used [0x04bb0000, 0x04bb0000, 0x04ca0000)
 tenured generation   total 19520K, used 14949K [0x09950000, 0x0ac60000, 0x14400000)
   the space 19520K,  76% used [0x09950000, 0x0a7e9718, 0x0a7e9800, 0x0ac60000)
 Metaspace       used 10823K, capacity 11458K, committed 11520K, reserved 11648K
GC Heap History (10 events):
Event: 18.638 GC heap before
{Heap before GC invocations=47 (full 1):
 def new generation   total 8832K, used 7888K [0x04400000, 0x04d90000, 0x09950000)
  eden space 7872K,  97% used [0x04400000, 0x04b86800, 0x04bb0000)
  from space 960K,  19% used [0x04bb0000, 0x04bddaf8, 0x04ca0000)
  to   space 960K,   0% used [0x04ca0000, 0x04ca0000, 0x04d90000)
 tenured generation   total 19520K, used 13424K [0x09950000, 0x0ac60000, 0x14400000)
   the space 19520K,  68% used [0x09950000, 0x0a66c368, 0x0a66c400, 0x0ac60000)
 Metaspace       used 10549K, capacity 11125K, committed 11136K, reserved 11648K
Event: 18.639 GC heap after
Heap after GC invocations=48 (full 1):
 def new generation   total 8832K, used 185K [0x04400000, 0x04d90000, 0x09950000)
  eden space 7872K,   0% used [0x04400000, 0x04400000, 0x04bb0000)
  from space 960K,  19% used [0x04ca0000, 0x04cce680, 0x04d90000)
  to   space 960K,   0% used [0x04bb0000, 0x04bb0000, 0x04ca0000)
 tenured generation   total 19520K, used 13424K [0x09950000, 0x0ac60000, 0x14400000)
   the space 19520K,  68% used [0x09950000, 0x0a66c368, 0x0a66c400, 0x0ac60000)
 Metaspace       used 10549K, capacity 11125K, committed 11136K, reserved 11648K
}
Event: 18.641 GC heap before
{Heap before GC invocations=48 (full 1):
 def new generation   total 8832K, used 8009K [0x04400000, 0x04d90000, 0x09950000)
  eden space 7872K,  99% used [0x04400000, 0x04ba40a0, 0x04bb0000)
  from space 960K,  19% used [0x04ca0000, 0x04cce680, 0x04d90000)
  to   space 960K,   0% used [0x04bb0000, 0x04bb0000, 0x04ca0000)
 tenured generation   total 19520K, used 13424K [0x09950000, 0x0ac60000, 0x14400000)
   the space 19520K,  68% used [0x09950000, 0x0a66c368, 0x0a66c400, 0x0ac60000)
 Metaspace       used 10549K, capacity 11125K, committed 11136K, reserved 11648K
Event: 18.642 GC heap after
Heap after GC invocations=49 (full 1):
 def new generation   total 8832K, used 188K [0x04400000, 0x04d90000, 0x09950000)
  eden space 7872K,   0% used [0x04400000, 0x04400000, 0x04bb0000)
  from space 960K,  19% used [0x04bb0000, 0x04bdf208, 0x04ca0000)
  to   space 960K,   0% used [0x04ca0000, 0x04ca0000, 0x04d90000)
 tenured generation   total 19520K, used 13424K [0x09950000, 0x0ac60000, 0x14400000)
   the space 19520K,  68% used [0x09950000, 0x0a66c368, 0x0a66c400, 0x0ac60000)
 Metaspace       used 10549K, capacity 11125K, committed 11136K, reserved 11648K
}
Event: 18.671 GC heap before
{Heap before GC invocations=49 (full 1):
 def new generation   total 8832K, used 8060K [0x04400000, 0x04d90000, 0x09950000)
  eden space 7872K, 100% used [0x04400000, 0x04bb0000, 0x04bb0000)
  from space 960K,  19% used [0x04bb0000, 0x04bdf208, 0x04ca0000)
  to   space 960K,   0% used [0x04ca0000, 0x04ca0000, 0x04d90000)
 tenured generation   total 19520K, used 13424K [0x09950000, 0x0ac60000, 0x14400000)
   the space 19520K,  68% used [0x09950000, 0x0a66c368, 0x0a66c400, 0x0ac60000)
 Metaspace       used 10562K, capacity 11157K, committed 11264K, reserved 11648K
Event: 18.672 GC heap after
Heap after GC invocations=50 (full 1):
 def new generation   total 8832K, used 362K [0x04400000, 0x04d90000, 0x09950000)
  eden space 7872K,   0% used [0x04400000, 0x04400000, 0x04bb0000)
  from space 960K,  37% used [0x04ca0000, 0x04cfa890, 0x04d90000)
  to   space 960K,   0% used [0x04bb0000, 0x04bb0000, 0x04ca0000)
 tenured generation   total 19520K, used 13424K [0x09950000, 0x0ac60000, 0x14400000)
   the space 19520K,  68% used [0x09950000, 0x0a66c368, 0x0a66c400, 0x0ac60000)
 Metaspace       used 10562K, capacity 11157K, committed 11264K, reserved 11648K
}
Event: 18.780 GC heap before
{Heap before GC invocations=50 (full 1):
 def new generation   total 8832K, used 8234K [0x04400000, 0x04d90000, 0x09950000)
  eden space 7872K, 100% used [0x04400000, 0x04bb0000, 0x04bb0000)
  from space 960K,  37% used [0x04ca0000, 0x04cfa890, 0x04d90000)
  to   space 960K,   0% used [0x04bb0000, 0x04bb0000, 0x04ca0000)
 tenured generation   total 19520K, used 13424K [0x09950000, 0x0ac60000, 0x14400000)
   the space 19520K,  68% used [0x09950000, 0x0a66c368, 0x0a66c400, 0x0ac60000)
 Metaspace       used 10636K, capacity 11241K, committed 11264K, reserved 11648K
Event: 18.783 GC heap after
Heap after GC invocations=51 (full 1):
 def new generation   total 8832K, used 960K [0x04400000, 0x04d90000, 0x09950000)
  eden space 7872K,   0% used [0x04400000, 0x04400000, 0x04bb0000)
  from space 960K, 100% used [0x04bb0000, 0x04ca0000, 0x04ca0000)
  to   space 960K,   0% used [0x04ca0000, 0x04ca0000, 0x04d90000)
 tenured generation   total 19520K, used 14126K [0x09950000, 0x0ac60000, 0x14400000)
   the space 19520K,  72% used [0x09950000, 0x0a71b830, 0x0a71ba00, 0x0ac60000)
 Metaspace       used 10636K, capacity 11241K, committed 11264K, reserved 11648K
}
Event: 19.054 GC heap before
{Heap before GC invocations=51 (full 1):
 def new generation   total 8832K, used 8665K [0x04400000, 0x04d90000, 0x09950000)
  eden space 7872K,  97% used [0x04400000, 0x04b866e8, 0x04bb0000)
  from space 960K, 100% used [0x04bb0000, 0x04ca0000, 0x04ca0000)
  to   space 960K,   0% used [0x04ca0000, 0x04ca0000, 0x04d90000)
 tenured generation   total 19520K, used 14126K [0x09950000, 0x0ac60000, 0x14400000)
   the space 19520K,  72% used [0x09950000, 0x0a71b830, 0x0a71ba00, 0x0ac60000)
 Metaspace       used 10794K, capacity 11394K, committed 11520K, reserved 11648K
Event: 19.057 GC heap after
Heap after GC invocations=52 (full 1):
 def new generation   total 8832K, used 959K [0x04400000, 0x04d90000, 0x09950000)
  eden space 7872K,   0% used [0x04400000, 0x04400000, 0x04bb0000)
  from space 960K,  99% used [0x04ca0000, 0x04d8fff8, 0x04d90000)
  to   space 960K,   0% used [0x04bb0000, 0x04bb0000, 0x04ca0000)
 tenured generation   total 19520K, used 14949K [0x09950000, 0x0ac60000, 0x14400000)
   the space 19520K,  76% used [0x09950000, 0x0a7e9718, 0x0a7e9800, 0x0ac60000)
 Metaspace       used 10794K, capacity 11394K, committed 11520K, reserved 11648K
}

