# JRE version: Java(TM) SE Runtime Environment (8.0_161-b12) (build 1.8.0_161-b12)
# Java VM: Java HotSpot(TM) Client VM (25.161-b12 mixed mode, sharing windows-x86 )
Heap:
 def new generation   total 8256K, used 7624K [0x04800000, 0x050f0000, 0x09d50000)
  eden space 7360K,  91% used [0x04800000, 0x04e921c8, 0x04f30000)
  from space 896K, 100% used [0x05010000, 0x050f0000, 0x050f0000)
  to   space 896K,   0% used [0x04f30000, 0x04f30000, 0x05010000)
 tenured generation   total 18192K, used 11803K [0x09d50000, 0x0af14000, 0x14800000)
   the space 18192K,  64% used [0x09d50000, 0x0a8d6c10, 0x0a8d6e00, 0x0af14000)
 Metaspace       used 9992K, capacity 10613K, committed 10624K, reserved 10624K
GC Heap History (10 events):
Event: 3.920 GC heap before
{Heap before GC invocations=47 (full 1):
 def new generation   total 8256K, used 7428K [0x04800000, 0x050f0000, 0x09d50000)
  eden space 7360K,  98% used [0x04800000, 0x04f140e0, 0x04f30000)
  from space 896K,  20% used [0x04f30000, 0x04f5d318, 0x05010000)
  to   space 896K,   0% used [0x05010000, 0x05010000, 0x050f0000)
 tenured generation   total 18192K, used 10913K [0x09d50000, 0x0af14000, 0x14800000)
   the space 18192K,  59% used [0x09d50000, 0x0a7f8418, 0x0a7f8600, 0x0af14000)
 Metaspace       used 9770K, capacity 10386K, committed 10496K, reserved 10624K
Event: 3.920 GC heap after
Heap after GC invocations=48 (full 1):
 def new generation   total 8256K, used 183K [0x04800000, 0x050f0000, 0x09d50000)
  eden space 7360K,   0% used [0x04800000, 0x04800000, 0x04f30000)
  from space 896K,  20% used [0x05010000, 0x0503de10, 0x050f0000)
  to   space 896K,   0% used [0x04f30000, 0x04f30000, 0x05010000)
 tenured generation   total 18192K, used 10913K [0x09d50000, 0x0af14000, 0x14800000)
   the space 18192K,  59% used [0x09d50000, 0x0a7f8418, 0x0a7f8600, 0x0af14000)
 Metaspace       used 9770K, capacity 10386K, committed 10496K, reserved 10624K
}
Event: 3.922 GC heap before
{Heap before GC invocations=48 (full 1):
 def new generation   total 8256K, used 7538K [0x04800000, 0x050f0000, 0x09d50000)
  eden space 7360K,  99% used [0x04800000, 0x04f2ec98, 0x04f30000)
  from space 896K,  20% used [0x05010000, 0x0503de10, 0x050f0000)
  to   space 896K,   0% used [0x04f30000, 0x04f30000, 0x05010000)
 tenured generation   total 18192K, used 10913K [0x09d50000, 0x0af14000, 0x14800000)
   the space 18192K,  59% used [0x09d50000, 0x0a7f8418, 0x0a7f8600, 0x0af14000)
 Metaspace       used 9770K, capacity 10386K, committed 10496K, reserved 10624K
Event: 3.923 GC heap after
Heap after GC invocations=49 (full 1):
 def new generation   total 8256K, used 186K [0x04800000, 0x050f0000, 0x09d50000)
  eden space 7360K,   0% used [0x04800000, 0x04800000, 0x04f30000)
  from space 896K,  20% used [0x04f30000, 0x04f5e908, 0x05010000)
  to   space 896K,   0% used [0x05010000, 0x05010000, 0x050f0000)
 tenured generation   total 18192K, used 10913K [0x09d50000, 0x0af14000, 0x14800000)
   the space 18192K,  59% used [0x09d50000, 0x0a7f8418, 0x0a7f8600, 0x0af14000)
 Metaspace       used 9770K, capacity 10386K, committed 10496K, reserved 10624K
}
Event: 3.925 GC heap before
{Heap before GC invocations=49 (full 1):
 def new generation   total 8256K, used 7459K [0x04800000, 0x050f0000, 0x09d50000)
  eden space 7360K,  98% used [0x04800000, 0x04f1a4e8, 0x04f30000)
  from space 896K,  20% used [0x04f30000, 0x04f5e908, 0x05010000)
  to   space 896K,   0% used [0x05010000, 0x05010000, 0x050f0000)
 tenured generation   total 18192K, used 10913K [0x09d50000, 0x0af14000, 0x14800000)
   the space 18192K,  59% used [0x09d50000, 0x0a7f8418, 0x0a7f8600, 0x0af14000)
 Metaspace       used 9770K, capacity 10386K, committed 10496K, reserved 10624K
Event: 3.925 GC heap after
Heap after GC invocations=50 (full 1):
 def new generation   total 8256K, used 188K [0x04800000, 0x050f0000, 0x09d50000)
  eden space 7360K,   0% used [0x04800000, 0x04800000, 0x04f30000)
  from space 896K,  21% used [0x05010000, 0x0503f3b8, 0x050f0000)
  to   space 896K,   0% used [0x04f30000, 0x04f30000, 0x05010000)
 tenured generation   total 18192K, used 10913K [0x09d50000, 0x0af14000, 0x14800000)
   the space 18192K,  59% used [0x09d50000, 0x0a7f8418, 0x0a7f8600, 0x0af14000)
 Metaspace       used 9770K, capacity 10386K, committed 10496K, reserved 10624K
}
Event: 3.952 GC heap before
{Heap before GC invocations=50 (full 1):
 def new generation   total 8256K, used 7548K [0x04800000, 0x050f0000, 0x09d50000)
  eden space 7360K, 100% used [0x04800000, 0x04f30000, 0x04f30000)
  from space 896K,  21% used [0x05010000, 0x0503f3b8, 0x050f0000)
  to   space 896K,   0% used [0x04f30000, 0x04f30000, 0x05010000)
 tenured generation   total 18192K, used 10913K [0x09d50000, 0x0af14000, 0x14800000)
   the space 18192K,  59% used [0x09d50000, 0x0a7f8418, 0x0a7f8600, 0x0af14000)
 Metaspace       used 9783K, capacity 10386K, committed 10496K, reserved 10624K
Event: 3.953 GC heap after
Heap after GC invocations=51 (full 1):
 def new generation   total 8256K, used 394K [0x04800000, 0x050f0000, 0x09d50000)
  eden space 7360K,   0% used [0x04800000, 0x04800000, 0x04f30000)
  from space 896K,  44% used [0x04f30000, 0x04f92ad0, 0x05010000)
  to   space 896K,   0% used [0x05010000, 0x05010000, 0x050f0000)
 tenured generation   total 18192K, used 10913K [0x09d50000, 0x0af14000, 0x14800000)
   the space 18192K,  59% used [0x09d50000, 0x0a7f8418, 0x0a7f8600, 0x0af14000)
 Metaspace       used 9783K, capacity 10386K, committed 10496K, reserved 10624K
}
Event: 4.069 GC heap before
{Heap before GC invocations=51 (full 1):
 def new generation   total 8256K, used 7754K [0x04800000, 0x050f0000, 0x09d50000)
  eden space 7360K, 100% used [0x04800000, 0x04f30000, 0x04f30000)
  from space 896K,  44% used [0x04f30000, 0x04f92ad0, 0x05010000)
  to   space 896K,   0% used [0x05010000, 0x05010000, 0x050f0000)
 tenured generation   total 18192K, used 10913K [0x09d50000, 0x0af14000, 0x14800000)
   the space 18192K,  59% used [0x09d50000, 0x0a7f8418, 0x0a7f8600, 0x0af14000)
 Metaspace       used 9880K, capacity 10502K, committed 10624K, reserved 10624K
Event: 4.073 GC heap after
Heap after GC invocations=52 (full 1):
 def new generation   total 8256K, used 896K [0x04800000, 0x050f0000, 0x09d50000)
  eden space 7360K,   0% used [0x04800000, 0x04800000, 0x04f30000)
  from space 896K, 100% used [0x05010000, 0x050f0000, 0x050f0000)
  to   space 896K,   0% used [0x04f30000, 0x04f30000, 0x05010000)
 tenured generation   total 18192K, used 11803K [0x09d50000, 0x0af14000, 0x14800000)
   the space 18192K,  64% used [0x09d50000, 0x0a8d6c10, 0x0a8d6e00, 0x0af14000)
 Metaspace       used 9880K, capacity 10502K, committed 10624K, reserved 10624K
}

